<?xml version="1.0" encoding="UTF-8"?>
<testng-results ignored="0" total="1" passed="1" failed="0" skipped="0">
  <reporter-output>
  </reporter-output>
  <suite started-at="2023-06-21T14:00:32 IST" name="Default suite" finished-at="2023-06-21T14:00:34 IST" duration-ms="2480">
    <groups>
    </groups>
    <test started-at="2023-06-21T14:00:32 IST" name="Default test" finished-at="2023-06-21T14:00:34 IST" duration-ms="2480">
      <class name="com.qa.tests.PostAPITest">
        <test-method is-config="true" signature="setUp()[pri:0, instance:com.qa.tests.PostAPITest@5ba3f27a]" started-at="2023-06-21T14:00:32 IST" name="setUp" finished-at="2023-06-21T14:00:32 IST" duration-ms="9" status="PASS">
          <reporter-output>
          </reporter-output>
        </test-method> <!-- setUp -->
        <test-method signature="postAPITest()[pri:0, instance:com.qa.tests.PostAPITest@5ba3f27a]" started-at="2023-06-21T14:00:32 IST" name="postAPITest" finished-at="2023-06-21T14:00:34 IST" duration-ms="2391" status="PASS">
          <reporter-output>
          </reporter-output>
        </test-method> <!-- postAPITest -->
      </class> <!-- com.qa.tests.PostAPITest -->
    </test> <!-- Default test -->
  </suite> <!-- Default suite -->
</testng-results>
