<?xml version="1.0" encoding="UTF-8"?>
<testng-results ignored="0" total="1" passed="1" failed="0" skipped="0">
  <reporter-output>
  </reporter-output>
  <suite started-at="2023-06-20T12:31:49 IST" name="com.qa.tests.GetAPITest" finished-at="2023-06-20T12:31:51 IST" duration-ms="2004">
    <groups>
    </groups>
    <test started-at="2023-06-20T12:31:49 IST" name="Command line test" finished-at="2023-06-20T12:31:51 IST" duration-ms="2004">
      <class name="com.qa.tests.GetAPITest">
        <test-method is-config="true" signature="setUp()[pri:0, instance:com.qa.tests.GetAPITest@692f203f]" started-at="2023-06-20T12:31:49 IST" name="setUp" finished-at="2023-06-20T12:31:49 IST" duration-ms="11" status="PASS">
          <reporter-output>
          </reporter-output>
        </test-method> <!-- setUp -->
        <test-method signature="getAPITest()[pri:0, instance:com.qa.tests.GetAPITest@692f203f]" started-at="2023-06-20T12:31:49 IST" name="getAPITest" finished-at="2023-06-20T12:31:51 IST" duration-ms="1939" status="PASS">
          <reporter-output>
          </reporter-output>
        </test-method> <!-- getAPITest -->
      </class> <!-- com.qa.tests.GetAPITest -->
    </test> <!-- Command line test -->
  </suite> <!-- com.qa.tests.GetAPITest -->
</testng-results>
